http://eecs.umich.edu
http://eecs.umich.edu/cse
http://eecs.umich.edu/ece
http://eecs.umich.edu/eecs/academics/academics.html
http://eecs.umich.edu/eecs/about/why-eecs.html
http://eecs.umich.edu/eecs/academics/courses.html
http://eecs.umich.edu/eecs/academics/class_schedule.html
http://eecs.umich.edu/eecs/undergraduate
http://eecs.umich.edu/eecs/undergraduate/undergraduate_admissions.html
http://eecs.umich.edu/eecs/graduate
http://eecs.umich.edu/eecs/visitors/student-visits.html
http://eecs.umich.edu/eecs/students/fin_aid.html
http://eecs.umich.edu/ece/electrify
http://eecs.umich.edu/eecs/research/areas.html
http://eecs.umich.edu/eecs/research/reslabs.html
http://eecs.umich.edu/eecs/undergraduate/research/undergrad-research.html
http://eecs.umich.edu/eecs/research/tech_reports.html
http://eecs.umich.edu/eecs/faculty/eecsfaculty.html
http://eecs.umich.edu/eecs/postdocs/eecspostdocs.html
http://eecs.umich.edu/eecs/staff/staff.html
http://eecs.umich.edu/eecs/students/students.html
http://eecs.umich.edu/eecs/alumni
http://eecs.umich.edu/eecs/jobs
http://eecs.umich.edu/eecs/corporate/students.html
http://eecs.umich.edu/eecs/corporate/researchops.html
http://eecs.umich.edu/eecs/corporate/techtransfer.html
http://eecs.umich.edu/eecs/etc/news/eecsnews.html
http://eecs.umich.edu/eecs/awards
http://eecs.umich.edu/eecs/about/videos.html
http://eecs.umich.edu/eecs/about/publications.html
http://eecs.umich.edu/eecs/about/subscriptions.html
http://eecs.umich.edu/eecs/etc/events/eecsevents.html
http://eecs.umich.edu/eecs/about/welcome.html
http://eecs.umich.edu/eecs/about/eecsdiversity.html
http://eecs.umich.edu/eecs/visitors/area-info.html
http://eecs.umich.edu/eecs/visitors/travel.html
http://eecs.umich.edu/eecs/about/contact.html
http://eecs.umich.edu/eecs/etc/admin/administrative.html
http://eecs.umich.edu/eecs/about/computing.html
http://eecs.umich.edu/eecs/dept-affairs/index.html
http://eecs.umich.edu/dept-mailing-lists/index.html
http://eecs.umich.edu/eecs/labsupport
http://eecs.umich.edu/eecs/resources/logos.html
http://eecs.umich.edu/eecs/etc/rooms/dco-dbroom.html
http://eecs.umich.edu/cse/resources/safety
http://eecs.umich.edu/ece/giving
http://eecs.umich.edu/cse/giving
http://eecs.umich.edu/eecs/research/area.html?r_id=2
http://eecs.umich.edu/eecs/research/area.html?r_id=55
http://eecs.umich.edu/eecs/research/area.html?r_id=56
http://eecs.umich.edu/eecs/research/area.html?r_id=58
http://eecs.umich.edu/eecs/research/area.html?r_id=19
http://eecs.umich.edu/eecs/research/area.html?r_id=54
http://eecs.umich.edu/eecs/research/area.html?r_id=57
http://eecs.umich.edu/eecs/research/area.html?r_id=59
http://eecs.umich.edu/eecs/research/area.html?r_id=53
http://eecs.umich.edu/eecs/research/area.html?r_id=40
http://eecs.umich.edu/eecs/research/area.html?r_id=52
http://eecs.umich.edu/eecs/research/area.html?r_id=1
http://eecs.umich.edu/eecs/research/area.html?r_id=5
http://eecs.umich.edu/eecs/research/area.html?r_id=49
http://eecs.umich.edu/eecs/research/area.html?r_id=10
http://eecs.umich.edu/eecs/research/area.html?r_id=51
http://eecs.umich.edu/eecs/research/area.html?r_id=47
http://eecs.umich.edu/eecs/research/area.html?r_id=50
http://eecs.umich.edu/eecs/research/area.html?r_id=44
http://eecs.umich.edu/eecs/research/area.html?r_id=20
http://eecs.umich.edu/eecs/research/area.html?r_id=26
http://eecs.umich.edu/eecs/research/area.html?r_id=46
http://eecs.umich.edu/eecs/research/area.html?r_id=48
http://eecs.umich.edu/eecs/research/area.html?r_id=31
http://eecs.umich.edu/eecs/research/area.html?r_id=45
http://eecs.umich.edu/eecs/research/area.html?r_id=36
http://eecs.umich.edu/eecs/research/area.html?r_id=38
http://eecs.umich.edu/eecs/graduate/index.html
http://eecs.umich.edu/eecs/undergraduate/index.html
http://eecs.umich.edu/eecs/students/Student_Organizations.html
http://eecs.umich.edu/eecs/etc/fac/EECSfaculty.html
http://eecs.umich.edu/eecs/alumni/spotlights.html
http://eecs.umich.edu/eecs/news/index.html
http://eecs.umich.edu/eecs/about/articles/2017/U-M-first-in-line-for-new-bird-inspired-walking-robot.html
http://eecs.umich.edu/ee