http://eecs.umich.edu/eecs/etc/admin/administrative.html 0.0143687024119
http://eecs.umich.edu/eecs/graduate 0.0142001627093
http://eecs.umich.edu/eecs/corporate/techtransfer.html 0.0141906025045
http://eecs.umich.edu/eecs/corporate/students.html 0.0141641552417
http://eecs.umich.edu/eecs/labsupport 0.0141547986105
http://eecs.umich.edu/eecs/visitors/student-visits.html 0.0140997924719
http://eecs.umich.edu/eecs/undergraduate/undergraduate_admissions.html 0.0140788268103
http://eecs.umich.edu/eecs/jobs 0.0139272991434
http://eecs.umich.edu 0.0139180799739
http://eecs.umich.edu/eecs/alumni 0.0139013830947
http://eecs.umich.edu/eecs/academics/class_schedule.html 0.0138892412882
http://eecs.umich.edu/dept-mailing-lists/index.html 0.0138886400052
http://eecs.umich.edu/eecs/about/computing.html 0.0137163333995
http://eecs.umich.edu/eecs/students/fin_aid.html 0.013709508595
http://eecs.umich.edu/eecs/academics/courses.html 0.0136709761612
http://eecs.umich.edu/eecs/undergraduate/research/undergrad-research.html 0.0136644077906
http://eecs.umich.edu/eecs/corporate/researchops.html 0.013654346879
http://eecs.umich.edu/eecs/undergraduate 0.0136457795341
http://eecs.umich.edu/cse 0.0136144816658
http://eecs.umich.edu/eecs/etc/rooms/dco-dbroom.html 0.0136136884246
http://eecs.umich.edu/ece 0.0135862735272
http://eecs.umich.edu/eecs/alumni/spotlights.html 0.0134299924368
http://eecs.umich.edu/eecs/graduate/index.html 0.0131898408767
http://eecs.umich.edu/eecs/undergraduate/index.html 0.0131695740122
http://eecs.umich.edu/ece/giving 0.0108073365607
http://eecs.umich.edu/eecs/dept-affairs/index.html 0.0107640096255
http://eecs.umich.edu/eecs/about/subscriptions.html 0.0103274225461
http://eecs.umich.edu/cse/resources/safety 0.0100717956124
http://eecs.umich.edu/eecs/resources/logos.html 0.0100494171065
http://eecs.umich.edu/cse/giving 0.0100489680386
http://eecs.umich.edu/eecs/research/area.html?r_id=10 0.010018398859
http://eecs.umich.edu/eecs/research/area.html?r_id=5 0.00997240169664
http://eecs.umich.edu/eecs/research/area.html?r_id=1 0.00996068812655
http://eecs.umich.edu/eecs/research/area.html?r_id=20 0.00994537620932
http://eecs.umich.edu/eecs/research/area.html?r_id=26 0.00994484338106
http://eecs.umich.edu/eecs/research/area.html?r_id=38 0.00988931407572
http://eecs.umich.edu/eecs/research/area.html?r_id=36 0.00987850167576
http://eecs.umich.edu/eecs/research/area.html?r_id=31 0.00986780654733
http://eecs.umich.edu/eecs/research/area.html?r_id=48 0.0098286472896
http://eecs.umich.edu/eecs/research/area.html?r_id=45 0.00981849288293
http://eecs.umich.edu/eecs/research/area.html?r_id=44 0.00980844861117
http://eecs.umich.edu/eecs/research/area.html?r_id=47 0.0097985132798
http://eecs.umich.edu/eecs/research/area.html?r_id=46 0.00978868570725
http://eecs.umich.edu/eecs/research/area.html?r_id=50 0.00976195871606
http://eecs.umich.edu/eecs/students/Student_Organizations.html 0.00922986192415
http://eecs.umich.edu/eecs/research/area.html?r_id=19 0.00904314950226
http://eecs.umich.edu/eecs/research/area.html?r_id=2 0.0089976628747
http://eecs.umich.edu/eecs/research/area.html?r_id=40 0.00893321111377
http://eecs.umich.edu/eecs/research/area.html?r_id=58 0.00890365424388
http://eecs.umich.edu/eecs/research/area.html?r_id=59 0.00889700943711
http://eecs.umich.edu/eecs/research/area.html?r_id=52 0.00889042124258
http://eecs.umich.edu/eecs/research/area.html?r_id=53 0.00888388917798
http://eecs.umich.edu/eecs/research/area.html?r_id=56 0.00887741276508
http://eecs.umich.edu/eecs/research/area.html?r_id=57 0.00887099152975
http://eecs.umich.edu/eecs/research/area.html?r_id=54 0.00886462500189
http://eecs.umich.edu/eecs/research/area.html?r_id=55 0.0088583127154
http://eecs.umich.edu/eecs/about/why-eecs.html 0.00704828098384
http://eecs.umich.edu/eecs/about/publications.html 0.00698676862232
http://eecs.umich.edu/eecs/about/contact.html 0.00692001145942
http://eecs.umich.edu/eecs/staff/staff.html 0.00690983897149
http://eecs.umich.edu/eecs/research/tech_reports.html 0.00688650742541
http://eecs.umich.edu/eecs/etc/news/eecsnews.html 0.00686516105191
http://eecs.umich.edu/eecs/visitors/area-info.html 0.00682477154465
http://eecs.umich.edu/eecs/about/eecsdiversity.html 0.00680748454222
http://eecs.umich.edu/eecs/research/areas.html 0.00680032668302
http://eecs.umich.edu/eecs/research/reslabs.html 0.00679652054641
http://eecs.umich.edu/eecs/about/videos.html 0.00679300757377
http://eecs.umich.edu/eecs/visitors/travel.html 0.00677711632273
http://eecs.umich.edu/eecs/about/welcome.html 0.00675509543088
http://eecs.umich.edu/eecs/postdocs/eecspostdocs.html 0.00669439445913
http://eecs.umich.edu/eecs/etc/events/eecsevents.html 0.00669134731982
http://eecs.umich.edu/eecs/faculty/eecsfaculty.html 0.00667521780196
http://eecs.umich.edu/eecs/academics/academics.html 0.00665937880839
http://eecs.umich.edu/eecs/students/students.html 0.00665652963523
http://eecs.umich.edu/eecs/research/area.html?r_id=49 0.00599072283377
http://eecs.umich.edu/eecs/research/area.html?r_id=51 0.0059731556472
http://eecs.umich.edu/eecs/etc/fac/EECSfaculty.html 0.00591829815635
http://eecs.umich.edu/cse/about/why-cse.html 0.00476675118175
http://eecs.umich.edu/eecs/research/cseareas.html 0.0047351395284
http://eecs.umich.edu/eecs/research/techreports/cse_tr/database 0.00468957486081
http://eecs.umich.edu/eecs/postdocs/csepostdocs.html 0.00464768003549
http://eecs.umich.edu/eecs/students/csestudents.html 0.00464476635347
http://eecs.umich.edu/eecs/faculty/csefaculty.html 0.00463498087077
http://eecs.umich.edu/eecs/research/cse-reslabs.html 0.00463374780197
http://eecs.umich.edu/eecs/awards/csefacultyawards.html 0.00457784695959
http://eecs.umich.edu/eecs/etc/news/csenews.html 0.00456793429735
http://eecs.umich.edu/eecs/staff/csestaff.html 0.00456570506702
http://eecs.umich.edu/cse/alumni/academia.html 0.0045614147701
http://eecs.umich.edu/eecs/about/articles/2017/michelle-stock-spie-fellow.html 0.00234864718524
http://eecs.umich.edu/eecs/about/articles/2017/zetian-mi-spie-fellow.html 0.00211551820401
http://eecs.umich.edu/eecs/about/articles/2017/Madhyastha-Google-Faculty-Award.html 0.00202212495859
http://eecs.umich.edu/eecs/about/articles/2017/Bertacco-Thurnau-Professor.html 0.00201164004615
http://eecs.umich.edu/eecs/about/articles/2017/U-M-first-in-line-for-new-bird-inspired-walking-robot.html 0.0019649312677
http://eecs.umich.edu/eecs/about/articles/2017/Mower-Provost-CAREER-Award.html 0.0019446762723
http://eecs.umich.edu/eecs/alumni/homecoming.html 0.00190647728219
http://eecs.umich.edu/ece/electrify 0.00190244273868
http://eecs.umich.edu/eecs/news/index.html 0.00164133788279
http://eecs.umich.edu/eecs/etc/events 0.00164133788279
http://eecs.umich.edu/eecs/about/giving 0.00163443599975
http://eecs.umich.edu/eecs/awards 0.00163443599975
