http://eecs.umich.edu http://eecs.umich.edu/eecs/research/tech_reports.html
http://eecs.umich.edu http://eecs.umich.edu/eecs/undergraduate
http://eecs.umich.edu http://eecs.umich.edu/eecs/visitors/student-visits.html
http://eecs.umich.edu http://eecs.umich.edu/cse
http://eecs.umich.edu http://eecs.umich.edu/eecs/research/areas.html
http://eecs.umich.edu http://eecs.umich.edu/eecs/academics/class_schedule.html
http://eecs.umich.edu http://eecs.umich.edu/eecs/undergraduate/undergraduate_admissions.html
http://eecs.umich.edu http://eecs.umich.edu/eecs/undergraduate/research/undergrad-research.html
http://eecs.umich.edu http://eecs.umich.edu/eecs/graduate
http://eecs.umich.edu http://eecs.umich.edu/eecs/academics/academics.html
http://eecs.umich.edu http://eecs.umich.edu/eecs/academics/courses.html
http://eecs.umich.edu http://eecs.umich.edu/eecs/research/reslabs.html
http://eecs.umich.edu http://eecs.umich.edu/eecs/students/fin_aid.html
http://eecs.umich.edu http://eecs.umich.edu/ece
http://eecs.umich.edu http://eecs.umich.edu/eecs/about/why-eecs.html
http://eecs.umich.edu http://eecs.umich.edu/ece/electrify
http://eecs.umich.edu/cse http://eecs.umich.edu/eecs/undergraduate
http://eecs.umich.edu/cse http://eecs.umich.edu/eecs/visitors/student-visits.html
http://eecs.umich.edu/cse http://eecs.umich.edu/eecs/academics/courses.html
http://eecs.umich.edu/cse http://eecs.umich.edu
http://eecs.umich.edu/cse http://eecs.umich.edu/eecs/academics/class_schedule.html
http://eecs.umich.edu/cse http://eecs.umich.edu/eecs/graduate
http://eecs.umich.edu/cse http://eecs.umich.edu/eecs/undergraduate/undergraduate_admissions.html
http://eecs.umich.edu/cse http://eecs.umich.edu/eecs/students/fin_aid.html
http://eecs.umich.edu/cse http://eecs.umich.edu/ece
http://eecs.umich.edu/cse http://eecs.umich.edu/eecs/undergraduate/research/undergrad-research.html
http://eecs.umich.edu/ece http://eecs.umich.edu/eecs/undergraduate
http://eecs.umich.edu/ece http://eecs.umich.edu/eecs/visitors/student-visits.html
http://eecs.umich.edu/ece http://eecs.umich.edu/cse
http://eecs.umich.edu/ece http://eecs.umich.edu
http://eecs.umich.edu/ece http://eecs.umich.edu/eecs/academics/class_schedule.html
http://eecs.umich.edu/ece http://eecs.umich.edu/ece/electrify
http://eecs.umich.edu/ece http://eecs.umich.edu/eecs/academics/courses.html
http://eecs.umich.edu/ece http://eecs.umich.edu/eecs/graduate
http://eecs.umich.edu/ece http://eecs.umich.edu/eecs/undergraduate/undergraduate_admissions.html
http://eecs.umich.edu/ece http://eecs.umich.edu/eecs/students/fin_aid.html
http://eecs.umich.edu/ece http://eecs.umich.edu/eecs/undergraduate/research/undergrad-research.html
http://eecs.umich.edu/eecs/academics/academics.html http://eecs.umich.edu/eecs/research/tech_reports.html
http://eecs.umich.edu/eecs/academics/academics.html http://eecs.umich.edu/eecs/undergraduate
http://eecs.umich.edu/eecs/academics/academics.html http://eecs.umich.edu/eecs/visitors/student-visits.html
http://eecs.umich.edu/eecs/academics/academics.html http://eecs.umich.edu/cse
http://eecs.umich.edu/eecs/academics/academics.html http://eecs.umich.edu
http://eecs.umich.edu/eecs/academics/academics.html http://eecs.umich.edu/eecs/academics/class_schedule.html
http://eecs.umich.edu/eecs/academics/academics.html http://eecs.umich.edu/eecs/undergraduate/undergraduate_admissions.html
http://eecs.umich.edu/eecs/academics/academics.html http://eecs.umich.edu/eecs/graduate
http://eecs.umich.edu/eecs/academics/academics.html http://eecs.umich.edu/eecs/research/areas.html
http://eecs.umich.edu/eecs/academics/academics.html http://eecs.umich.edu/eecs/academics/courses.html
http://eecs.umich.edu/eecs/academics/academics.html http://eecs.umich.edu/eecs/research/reslabs.html
http://eecs.umich.edu/eecs/academics/academics.html http://eecs.umich.edu/eecs/students/fin_aid.html
http://eecs.umich.edu/eecs/academics/academics.html http://eecs.umich.edu/ece
http://eecs.umich.edu/eecs/academics/academics.html http://eecs.umich.edu/eecs/about/why-eecs.html
http://eecs.umich.edu/eecs/academics/academics.html http://eecs.umich.edu/eecs/undergraduate/research/undergrad-research.html
http://eecs.umich.edu/eecs/about/why-eecs.html http://eecs.umich.edu/eecs/research/tech_reports.html
http://eecs.umich.edu/eecs/about/why-eecs.html http://eecs.umich.edu/eecs/undergraduate
http://eecs.umich.edu/eecs/about/why-eecs.html http://eecs.umich.edu/eecs/visitors/student-visits.html
http://eecs.umich.edu/eecs/about/why-eecs.html http://eecs.umich.edu/cse
http://eecs.umich.edu/eecs/about/why-eecs.html http://eecs.umich.edu
http://eecs.umich.edu/eecs/about/why-eecs.html http://eecs.umich.edu/eecs/academics/class_schedule.html
http://eecs.umich.edu/eecs/about/why-eecs.html http://eecs.umich.edu/eecs/undergraduate/undergraduate_admissions.html
http://eecs.umich.edu/eecs/about/why-eecs.html http://eecs.umich.edu/eecs/graduate
http://eecs.umich.edu/eecs/about/why-eecs.html http://eecs.umich.edu/eecs/academics/academics.html
http://eecs.umich.edu/eecs/about/why-eecs.html http://eecs.umich.edu/eecs/research/areas.html
http://eecs.umich.edu/eecs/about/why-eecs.html http://eecs.umich.edu/eecs/academics/courses.html
http://eecs.umich.edu/eecs/about/why-eecs.html http://eecs.umich.edu/eecs/research/reslabs.html
http://eecs.umich.edu/eecs/about/why-eecs.html http://eecs.umich.edu/eecs/students/fin_aid.html
http://eecs.umich.edu/eecs/about/why-eecs.html http://eecs.umich.edu/ece
http://eecs.umich.edu/eecs/about/why-eecs.html http://eecs.umich.edu/eecs/undergraduate/research/undergrad-research.html
http://eecs.umich.edu/eecs/academics/courses.html http://eecs.umich.edu/eecs/research/tech_reports.html
http://eecs.umich.edu/eecs/academics/courses.html http://eecs.umich.edu/eecs/research/areas.html
http://eecs.umich.edu/eecs/academics/courses.html http://eecs.umich.edu/eecs/visitors/student-visits.html
http://eecs.umich.edu/eecs/academics/courses.html http://eecs.umich.edu/cse
http://eecs.umich.edu/eecs/academics/courses.html http://eecs.umich.edu
http://eecs.umich.edu/eecs/academics/courses.html http://eecs.umich.edu/eecs/academics/class_schedule.html
http://eecs.umich.edu/eecs/academics/courses.html http://eecs.umich.edu/eecs/undergraduate/undergraduate_admissions.html
http://eecs.umich.edu/eecs/academics/courses.html http://eecs.umich.edu/eecs/graduate
http://eecs.umich.edu/eecs/academics/courses.html http://eecs.umich.edu/eecs/academics/academics.html
http://eecs.umich.edu/eecs/academics/courses.html http://eecs.umich.edu/eecs/undergraduate
http://eecs.umich.edu/eecs/academics/courses.html http://eecs.umich.edu/eecs/research/reslabs.html
http://eecs.umich.edu/eecs/academics/courses.html http://eecs.umich.edu/eecs/students/fin_aid.html
http://eecs.umich.edu/eecs/academics/courses.html http://eecs.umich.edu/ece
http://eecs.umich.edu/eecs/academics/courses.html http://eecs.umich.edu/eecs/about/why-eecs.html
http://eecs.umich.edu/eecs/academics/courses.html http://eecs.umich.edu/eecs/undergraduate/research/undergrad-research.html
http://eecs.umich.edu/eecs/academics/class_schedule.html http://eecs.umich.edu/eecs/research/tech_reports.html
http://eecs.umich.edu/eecs/academics/class_schedule.html http://eecs.umich.edu/eecs/undergraduate
http://eecs.umich.edu/eecs/academics/class_schedule.html http://eecs.umich.edu/eecs/visitors/student-visits.html
http://eecs.umich.edu/eecs/academics/class_schedule.html http://eecs.umich.edu/cse
http://eecs.umich.edu/eecs/academics/class_schedule.html http://eecs.umich.edu
http://eecs.umich.edu/eecs/academics/class_schedule.html http://eecs.umich.edu/eecs/undergraduate/undergraduate_admissions.html
http://eecs.umich.edu/eecs/academics/class_schedule.html http://eecs.umich.edu/eecs/graduate
http://eecs.umich.edu/eecs/academics/class_schedule.html http://eecs.umich.edu/eecs/academics/academics.html
http://eecs.umich.edu/eecs/academics/class_schedule.html http://eecs.umich.edu/eecs/research/areas.html
http://eecs.umich.edu/eecs/academics/class_schedule.html http://eecs.umich.edu/eecs/academics/courses.html
http://eecs.umich.edu/eecs/academics/class_schedule.html http://eecs.umich.edu/eecs/research/reslabs.html
http://eecs.umich.edu/eecs/academics/class_schedule.html http://eecs.umich.edu/eecs/students/fin_aid.html
http://eecs.umich.edu/eecs/academics/class_schedule.html http://eecs.umich.edu/ece
http://eecs.umich.edu/eecs/academics/class_schedule.html http://eecs.umich.edu/eecs/about/why-eecs.html
http://eecs.umich.edu/eecs/academics/class_schedule.html http://eecs.umich.edu/eecs/undergraduate/research/undergrad-research.html
http://eecs.umich.edu/eecs/undergraduate http://eecs.umich.edu/eecs/research/tech_reports.html
http://eecs.umich.edu/eecs/undergraduate http://eecs.umich.edu/eecs/research/areas.html
http://eecs.umich.edu/eecs/undergraduate http://eecs.umich.edu/eecs/visitors/student-visits.html
http://eecs.umich.edu/eecs/undergraduate http://eecs.umich.edu/cse
http://eecs.umich.edu/eecs/undergraduate http://eecs.umich.edu
http://eecs.umich.edu/eecs/undergraduate http://eecs.umich.edu/eecs/academics/class_schedule.html
http://eecs.umich.edu/eecs/undergraduate http://eecs.umich.edu/eecs/undergraduate/undergraduate_admissions.html
http://eecs.umich.edu/eecs/undergraduate http://eecs.umich.edu/eecs/graduate
http://eecs.umich.edu/eecs/undergraduate http://eecs.umich.edu/eecs/academics/academics.html
http://eecs.umich.edu/eecs/undergraduate http://eecs.umich.edu/eecs/academics/courses.html
http://eecs.umich.edu/eecs/undergraduate http://eecs.umich.edu/eecs/research/reslabs.html
http://eecs.umich.edu/eecs/undergraduate http://eecs.umich.edu/eecs/students/fin_aid.html
http://eecs.umich.edu/eecs/undergraduate http://eecs.umich.edu/ece
http://eecs.umich.edu/eecs/undergraduate http://eecs.umich.edu/eecs/about/why-eecs.html
http://eecs.umich.edu/eecs/undergraduate http://eecs.umich.edu/eecs/undergraduate/research/undergrad-research.html
http://eecs.umich.edu/eecs/undergraduate/undergraduate_admissions.html http://eecs.umich.edu/eecs/research/tech_reports.html
http://eecs.umich.edu/eecs/undergraduate/undergraduate_admissions.html http://eecs.umich.edu/eecs/undergraduate
http://eecs.umich.edu/eecs/undergraduate/undergraduate_admissions.html http://eecs.umich.edu/eecs/visitors/student-visits.html
http://eecs.umich.edu/eecs/undergraduate/undergraduate_admissions.html http://eecs.umich.edu/cse
http://eecs.umich.edu/eecs/undergraduate/undergraduate_admissions.html http://eecs.umich.edu
http://eecs.umich.edu/eecs/undergraduate/undergraduate_admissions.html http://eecs.umich.edu/eecs/academics/class_schedule.html
http://eecs.umich.edu/eecs/undergraduate/undergraduate_admissions.html http://eecs.umich.edu/eecs/graduate
http://eecs.umich.edu/eecs/undergraduate/undergraduate_admissions.html http://eecs.umich.edu/eecs/academics/academics.html
http://eecs.umich.edu/eecs/undergraduate/undergraduate_admissions.html http://eecs.umich.edu/eecs/research/areas.html
http://eecs.umich.edu/eecs/undergraduate/undergraduate_admissions.html http://eecs.umich.edu/eecs/academics/courses.html
http://eecs.umich.edu/eecs/undergraduate/undergraduate_admissions.html http://eecs.umich.edu/eecs/research/reslabs.html
http://eecs.umich.edu/eecs/undergraduate/undergraduate_admissions.html http://eecs.umich.edu/eecs/students/fin_aid.html
http://eecs.umich.edu/eecs/undergraduate/undergraduate_admissions.html http://eecs.umich.edu/ece
http://eecs.umich.edu/eecs/undergraduate/undergraduate_admissions.html http://eecs.umich.edu/eecs/about/why-eecs.html
http://eecs.umich.edu/eecs/undergraduate/undergraduate_admissions.html http://eecs.umich.edu/eecs/undergraduate/research/undergrad-research.html
http://eecs.umich.edu/eecs/graduate http://eecs.umich.edu/eecs/research/tech_reports.html
http://eecs.umich.edu/eecs/graduate http://eecs.umich.edu/eecs/undergraduate
http://eecs.umich.edu/eecs/graduate http://eecs.umich.edu/eecs/visitors/student-visits.html
http://eecs.umich.edu/eecs/graduate http://eecs.umich.edu/cse
http://eecs.umich.edu/eecs/graduate http://eecs.umich.edu
http://eecs.umich.edu/eecs/graduate http://eecs.umich.edu/eecs/academics/class_schedule.html
http://eecs.umich.edu/eecs/graduate http://eecs.umich.edu/eecs/undergraduate/undergraduate_admissions.html
http://eecs.umich.edu/eecs/graduate http://eecs.umich.edu/eecs/academics/academics.html
http://eecs.umich.edu/eecs/graduate http://eecs.umich.edu/eecs/research/areas.html
http://eecs.umich.edu/eecs/graduate http://eecs.umich.edu/eecs/academics/courses.html
http://eecs.umich.edu/eecs/graduate http://eecs.umich.edu/eecs/research/reslabs.html
http://eecs.umich.edu/eecs/graduate http://eecs.umich.edu/eecs/students/fin_aid.html
http://eecs.umich.edu/eecs/graduate http://eecs.umich.edu/ece
http://eecs.umich.edu/eecs/graduate http://eecs.umich.edu/eecs/about/why-eecs.html
http://eecs.umich.edu/eecs/graduate http://eecs.umich.edu/eecs/undergraduate/research/undergrad-research.html
http://eecs.umich.edu/eecs/visitors/student-visits.html http://eecs.umich.edu/eecs/research/tech_reports.html
http://eecs.umich.edu/eecs/visitors/student-visits.html http://eecs.umich.edu/eecs/undergraduate
http://eecs.umich.edu/eecs/visitors/student-visits.html http://eecs.umich.edu/cse
http://eecs.umich.edu/eecs/visitors/student-visits.html http://eecs.umich.edu
http://eecs.umich.edu/eecs/visitors/student-visits.html http://eecs.umich.edu/eecs/academics/class_schedule.html
http://eecs.umich.edu/eecs/visitors/student-visits.html http://eecs.umich.edu/eecs/undergraduate/undergraduate_admissions.html
http://eecs.umich.edu/eecs/visitors/student-visits.html http://eecs.umich.edu/eecs/graduate
http://eecs.umich.edu/eecs/visitors/student-visits.html http://eecs.umich.edu/eecs/academics/academics.html
http://eecs.umich.edu/eecs/visitors/student-visits.html http://eecs.umich.edu/eecs/research/areas.html
http://eecs.umich.edu/eecs/visitors/student-visits.html http://eecs.umich.edu/eecs/academics/courses.html
http://eecs.umich.edu/eecs/visitors/student-visits.html http://eecs.umich.edu/eecs/research/reslabs.html
http://eecs.umich.edu/eecs/visitors/student-visits.html http://eecs.umich.edu/eecs/students/fin_aid.html
http://eecs.umich.edu/eecs/visitors/student-visits.html http://eecs.umich.edu/ece
http://eecs.umich.edu/eecs/visitors/student-visits.html http://eecs.umich.edu/eecs/about/why-eecs.html
http://eecs.umich.edu/eecs/visitors/student-visits.html http://eecs.umich.edu/eecs/undergraduate/research/undergrad-research.html
http://eecs.umich.edu/eecs/students/fin_aid.html http://eecs.umich.edu/eecs/research/tech_reports.html
http://eecs.umich.edu/eecs/students/fin_aid.html http://eecs.umich.edu/eecs/undergraduate
http://eecs.umich.edu/eecs/students/fin_aid.html http://eecs.umich.edu/eecs/visitors/student-visits.html
http://eecs.umich.edu/eecs/students/fin_aid.html http://eecs.umich.edu/cse
http://eecs.umich.edu/eecs/students/fin_aid.html http://eecs.umich.edu
http://eecs.umich.edu/eecs/students/fin_aid.html http://eecs.umich.edu/eecs/academics/class_schedule.html
http://eecs.umich.edu/eecs/students/fin_aid.html http://eecs.umich.edu/eecs/undergraduate/undergraduate_admissions.html
http://eecs.umich.edu/eecs/students/fin_aid.html http://eecs.umich.edu/eecs/graduate
http://eecs.umich.edu/eecs/students/fin_aid.html http://eecs.umich.edu/eecs/academics/academics.html
http://eecs.umich.edu/eecs/students/fin_aid.html http://eecs.umich.edu/eecs/academics/courses.html
http://eecs.umich.edu/eecs/students/fin_aid.html http://eecs.umich.edu/eecs/research/reslabs.html
http://eecs.umich.edu/eecs/students/fin_aid.html http://eecs.umich.edu/eecs/research/areas.html
http://eecs.umich.edu/eecs/students/fin_aid.html http://eecs.umich.edu/ece
http://eecs.umich.edu/eecs/students/fin_aid.html http://eecs.umich.edu/eecs/about/why-eecs.html
http://eecs.umich.edu/eecs/students/fin_aid.html http://eecs.umich.edu/eecs/undergraduate/research/undergrad-research.html
http://eecs.umich.edu/ece/electrify http://eecs.umich.edu/eecs/visitors/student-visits.html
http://eecs.umich.edu/ece/electrify http://eecs.umich.edu/cse
http://eecs.umich.edu/ece/electrify http://eecs.umich.edu
http://eecs.umich.edu/ece/electrify http://eecs.umich.edu/eecs/academics/class_schedule.html
http://eecs.umich.edu/ece/electrify http://eecs.umich.edu/eecs/undergraduate/undergraduate_admissions.html
http://eecs.umich.edu/ece/electrify http://eecs.umich.edu/eecs/academics/courses.html
http://eecs.umich.edu/ece/electrify http://eecs.umich.edu/eecs/graduate
http://eecs.umich.edu/ece/electrify http://eecs.umich.edu/eecs/undergraduate
http://eecs.umich.edu/ece/electrify http://eecs.umich.edu/eecs/students/fin_aid.html
http://eecs.umich.edu/ece/electrify http://eecs.umich.edu/ece
http://eecs.umich.edu/ece/electrify http://eecs.umich.edu/eecs/undergraduate/research/undergrad-research.html
http://eecs.umich.edu/eecs/research/areas.html http://eecs.umich.edu/eecs/research/tech_reports.html
http://eecs.umich.edu/eecs/research/areas.html http://eecs.umich.edu/eecs/undergraduate
http://eecs.umich.edu/eecs/research/areas.html http://eecs.umich.edu/eecs/visitors/student-visits.html
http://eecs.umich.edu/eecs/research/areas.html http://eecs.umich.edu/cse
http://eecs.umich.edu/eecs/research/areas.html http://eecs.umich.edu
http://eecs.umich.edu/eecs/research/areas.html http://eecs.umich.edu/eecs/academics/class_schedule.html
http://eecs.umich.edu/eecs/research/areas.html http://eecs.umich.edu/eecs/undergraduate/undergraduate_admissions.html
http://eecs.umich.edu/eecs/research/areas.html http://eecs.umich.edu/eecs/graduate
http://eecs.umich.edu/eecs/research/areas.html http://eecs.umich.edu/eecs/academics/academics.html
http://eecs.umich.edu/eecs/research/areas.html http://eecs.umich.edu/eecs/academics/courses.html
http://eecs.umich.edu/eecs/research/areas.html http://eecs.umich.edu/eecs/research/reslabs.html
http://eecs.umich.edu/eecs/research/areas.html http://eecs.umich.edu/eecs/students/fin_aid.html
http://eecs.umich.edu/eecs/research/areas.html http://eecs.umich.edu/ece
http://eecs.umich.edu/eecs/research/areas.html http://eecs.umich.edu/eecs/about/why-eecs.html
http://eecs.umich.edu/eecs/research/areas.html http://eecs.umich.edu/eecs/undergraduate/research/undergrad-research.html
http://eecs.umich.edu/eecs/research/reslabs.html http://eecs.umich.edu/eecs/research/tech_reports.html
http://eecs.umich.edu/eecs/research/reslabs.html http://eecs.umich.edu/eecs/undergraduate
http://eecs.umich.edu/eecs/research/reslabs.html http://eecs.umich.edu/eecs/visitors/student-visits.html
http://eecs.umich.edu/eecs/research/reslabs.html http://eecs.umich.edu/cse
http://eecs.umich.edu/eecs/research/reslabs.html http://eecs.umich.edu
http://eecs.umich.edu/eecs/research/reslabs.html http://eecs.umich.edu/eecs/academics/class_schedule.html
http://eecs.umich.edu/eecs/research/reslabs.html http://eecs.umich.edu/eecs/undergraduate/undergraduate_admissions.html
http://eecs.umich.edu/eecs/research/reslabs.html http://eecs.umich.edu/eecs/graduate
http://eecs.umich.edu/eecs/research/reslabs.html http://eecs.umich.edu/eecs/academics/academics.html
http://eecs.umich.edu/eecs/research/reslabs.html http://eecs.umich.edu/eecs/research/areas.html
http://eecs.umich.edu/eecs/research/reslabs.html http://eecs.umich.edu/eecs/academics/courses.html
http://eecs.umich.edu/eecs/research/reslabs.html http://eecs.umich.edu/eecs/students/fin_aid.html
http://eecs.umich.edu/eecs/research/reslabs.html http://eecs.umich.edu/ece
http://eecs.umich.edu/eecs/research/reslabs.html http://eecs.umich.edu/eecs/about/why-eecs.html
http://eecs.umich.edu/eecs/research/reslabs.html http://eecs.umich.edu/eecs/undergraduate/research/undergrad-research.html
http://eecs.umich.edu/eecs/undergraduate/research/undergrad-research.html http://eecs.umich.edu/eecs/undergraduate
http://eecs.umich.edu/eecs/undergraduate/research/undergrad-research.html http://eecs.umich.edu/eecs/visitors/student-visits.html
http://eecs.umich.edu/eecs/undergraduate/research/undergrad-research.html http://eecs.umich.edu/cse
http://eecs.umich.edu/eecs/undergraduate/research/undergrad-research.html http://eecs.umich.edu
http://eecs.umich.edu/eecs/undergraduate/research/undergrad-research.html http://eecs.umich.edu/eecs/academics/class_schedule.html
http://eecs.umich.edu/eecs/undergraduate/research/undergrad-research.html http://eecs.umich.edu/eecs/undergraduate/undergraduate_admissions.html
http://eecs.umich.edu/eecs/undergraduate/research/undergrad-research.html http://eecs.umich.edu/eecs/graduate
http://eecs.umich.edu/eecs/undergraduate/research/undergrad-research.html http://eecs.umich.edu/eecs/academics/academics.html
http://eecs.umich.edu/eecs/undergraduate/research/undergrad-research.html http://eecs.umich.edu/eecs/research/areas.html
http://eecs.umich.edu/eecs/undergraduate/research/undergrad-research.html http://eecs.umich.edu/eecs/academics/courses.html
http://eecs.umich.edu/eecs/undergraduate/research/undergrad-research.html http://eecs.umich.edu/eecs/research/reslabs.html
http://eecs.umich.edu/eecs/undergraduate/research/undergrad-research.html http://eecs.umich.edu/eecs/students/fin_aid.html
http://eecs.umich.edu/eecs/undergraduate/research/undergrad-research.html http://eecs.umich.edu/ece
http://eecs.umich.edu/eecs/undergraduate/research/undergrad-research.html http://eecs.umich.edu/eecs/about/why-eecs.html
http://eecs.umich.edu/eecs/undergraduate/research/undergrad-research.html http://eecs.umich.edu/eecs/research/tech_reports.html
http://eecs.umich.edu/eecs/research/tech_reports.html http://eecs.umich.edu/eecs/undergraduate
http://eecs.umich.edu/eecs/research/tech_reports.html http://eecs.umich.edu/eecs/visitors/student-visits.html
http://eecs.umich.edu/eecs/research/tech_reports.html http://eecs.umich.edu/cse
http://eecs.umich.edu/eecs/research/tech_reports.html http://eecs.umich.edu
http://eecs.umich.edu/eecs/research/tech_reports.html http://eecs.umich.edu/eecs/academics/class_schedule.html
http://eecs.umich.edu/eecs/research/tech_reports.html http://eecs.umich.edu/eecs/undergraduate/undergraduate_admissions.html
http://eecs.umich.edu/eecs/research/tech_reports.html http://eecs.umich.edu/eecs/graduate
http://eecs.umich.edu/eecs/research/tech_reports.html http://eecs.umich.edu/eecs/academics/academics.html
http://eecs.umich.edu/eecs/research/tech_reports.html http://eecs.umich.edu/eecs/research/areas.html
http://eecs.umich.edu/eecs/research/tech_reports.html http://eecs.umich.edu/eecs/academics/courses.html
http://eecs.umich.edu/eecs/research/tech_reports.html http://eecs.umich.edu/eecs/research/reslabs.html
http://eecs.umich.edu/eecs/research/tech_reports.html http://eecs.umich.edu/eecs/students/fin_aid.html
http://eecs.umich.edu/eecs/research/tech_reports.html http://eecs.umich.edu/ece
http://eecs.umich.edu/eecs/research/tech_reports.html http://eecs.umich.edu/eecs/about/why-eecs.html
http://eecs.umich.edu/eecs/research/tech_reports.html http://eecs.umich.edu/eecs/undergraduate/research/undergrad-research.html
